{"C:\\Users\\free\\Desktop\\Robot-Simulator-Testing\\robot.js": {"path":"C:\\Users\\free\\Desktop\\Robot-Simulator-Testing\\robot.js","statementMap":{"0":{"start":{"line":2,"column":12},"end":{"line":2,"column":13}},"1":{"start":{"line":3,"column":12},"end":{"line":3,"column":13}},"2":{"start":{"line":4,"column":20},"end":{"line":4,"column":27}},"3":{"start":{"line":7,"column":6},"end":{"line":10,"column":57}},"4":{"start":{"line":7,"column":33},"end":{"line":7,"column":52}},"5":{"start":{"line":8,"column":11},"end":{"line":10,"column":57}},"6":{"start":{"line":8,"column":37},"end":{"line":8,"column":57}},"7":{"start":{"line":9,"column":11},"end":{"line":10,"column":57}},"8":{"start":{"line":9,"column":38},"end":{"line":9,"column":57}},"9":{"start":{"line":10,"column":11},"end":{"line":10,"column":57}},"10":{"start":{"line":10,"column":37},"end":{"line":10,"column":57}},"11":{"start":{"line":14,"column":6},"end":{"line":17,"column":57}},"12":{"start":{"line":14,"column":33},"end":{"line":14,"column":52}},"13":{"start":{"line":15,"column":11},"end":{"line":17,"column":57}},"14":{"start":{"line":15,"column":37},"end":{"line":15,"column":57}},"15":{"start":{"line":16,"column":11},"end":{"line":17,"column":57}},"16":{"start":{"line":16,"column":38},"end":{"line":16,"column":57}},"17":{"start":{"line":17,"column":11},"end":{"line":17,"column":57}},"18":{"start":{"line":17,"column":37},"end":{"line":17,"column":57}},"19":{"start":{"line":21,"column":6},"end":{"line":33,"column":7}},"20":{"start":{"line":22,"column":8},"end":{"line":23,"column":53}},"21":{"start":{"line":22,"column":20},"end":{"line":22,"column":24}},"22":{"start":{"line":23,"column":13},"end":{"line":23,"column":53}},"23":{"start":{"line":24,"column":13},"end":{"line":33,"column":7}},"24":{"start":{"line":25,"column":8},"end":{"line":26,"column":53}},"25":{"start":{"line":25,"column":20},"end":{"line":25,"column":24}},"26":{"start":{"line":26,"column":13},"end":{"line":26,"column":53}},"27":{"start":{"line":27,"column":13},"end":{"line":33,"column":7}},"28":{"start":{"line":28,"column":8},"end":{"line":29,"column":53}},"29":{"start":{"line":28,"column":19},"end":{"line":28,"column":23}},"30":{"start":{"line":29,"column":13},"end":{"line":29,"column":53}},"31":{"start":{"line":30,"column":13},"end":{"line":33,"column":7}},"32":{"start":{"line":31,"column":8},"end":{"line":32,"column":53}},"33":{"start":{"line":31,"column":19},"end":{"line":31,"column":23}},"34":{"start":{"line":32,"column":13},"end":{"line":32,"column":53}},"35":{"start":{"line":37,"column":6},"end":{"line":42,"column":7}},"36":{"start":{"line":37,"column":19},"end":{"line":37,"column":20}},"37":{"start":{"line":38,"column":28},"end":{"line":38,"column":43}},"38":{"start":{"line":39,"column":8},"end":{"line":41,"column":52}},"39":{"start":{"line":39,"column":33},"end":{"line":39,"column":45}},"40":{"start":{"line":40,"column":13},"end":{"line":41,"column":52}},"41":{"start":{"line":40,"column":38},"end":{"line":40,"column":49}},"42":{"start":{"line":41,"column":13},"end":{"line":41,"column":52}},"43":{"start":{"line":41,"column":38},"end":{"line":41,"column":52}},"44":{"start":{"line":46,"column":6},"end":{"line":46,"column":22}},"45":{"start":{"line":50,"column":6},"end":{"line":50,"column":23}},"46":{"start":{"line":53,"column":4},"end":{"line":57,"column":6}},"47":{"start":{"line":60,"column":2},"end":{"line":60,"column":31}}},"fnMap":{"0":{"name":"createRobot","decl":{"start":{"line":1,"column":9},"end":{"line":1,"column":20}},"loc":{"start":{"line":1,"column":23},"end":{"line":58,"column":3}},"line":1},"1":{"name":"turnRight","decl":{"start":{"line":6,"column":13},"end":{"line":6,"column":22}},"loc":{"start":{"line":6,"column":25},"end":{"line":11,"column":5}},"line":6},"2":{"name":"turnLeft","decl":{"start":{"line":13,"column":13},"end":{"line":13,"column":21}},"loc":{"start":{"line":13,"column":24},"end":{"line":18,"column":5}},"line":13},"3":{"name":"moveForward","decl":{"start":{"line":20,"column":13},"end":{"line":20,"column":24}},"loc":{"start":{"line":20,"column":27},"end":{"line":34,"column":5}},"line":20},"4":{"name":"executeInstructions","decl":{"start":{"line":36,"column":13},"end":{"line":36,"column":32}},"loc":{"start":{"line":36,"column":47},"end":{"line":43,"column":5}},"line":36},"5":{"name":"getPosition","decl":{"start":{"line":45,"column":13},"end":{"line":45,"column":24}},"loc":{"start":{"line":45,"column":27},"end":{"line":47,"column":5}},"line":45},"6":{"name":"getDirection","decl":{"start":{"line":49,"column":13},"end":{"line":49,"column":25}},"loc":{"start":{"line":49,"column":28},"end":{"line":51,"column":5}},"line":49}},"branchMap":{"0":{"loc":{"start":{"line":7,"column":6},"end":{"line":10,"column":57}},"type":"if","locations":[{"start":{"line":7,"column":6},"end":{"line":10,"column":57}},{"start":{"line":8,"column":11},"end":{"line":10,"column":57}}],"line":7},"1":{"loc":{"start":{"line":8,"column":11},"end":{"line":10,"column":57}},"type":"if","locations":[{"start":{"line":8,"column":11},"end":{"line":10,"column":57}},{"start":{"line":9,"column":11},"end":{"line":10,"column":57}}],"line":8},"2":{"loc":{"start":{"line":9,"column":11},"end":{"line":10,"column":57}},"type":"if","locations":[{"start":{"line":9,"column":11},"end":{"line":10,"column":57}},{"start":{"line":10,"column":11},"end":{"line":10,"column":57}}],"line":9},"3":{"loc":{"start":{"line":10,"column":11},"end":{"line":10,"column":57}},"type":"if","locations":[{"start":{"line":10,"column":11},"end":{"line":10,"column":57}},{"start":{},"end":{}}],"line":10},"4":{"loc":{"start":{"line":14,"column":6},"end":{"line":17,"column":57}},"type":"if","locations":[{"start":{"line":14,"column":6},"end":{"line":17,"column":57}},{"start":{"line":15,"column":11},"end":{"line":17,"column":57}}],"line":14},"5":{"loc":{"start":{"line":15,"column":11},"end":{"line":17,"column":57}},"type":"if","locations":[{"start":{"line":15,"column":11},"end":{"line":17,"column":57}},{"start":{"line":16,"column":11},"end":{"line":17,"column":57}}],"line":15},"6":{"loc":{"start":{"line":16,"column":11},"end":{"line":17,"column":57}},"type":"if","locations":[{"start":{"line":16,"column":11},"end":{"line":17,"column":57}},{"start":{"line":17,"column":11},"end":{"line":17,"column":57}}],"line":16},"7":{"loc":{"start":{"line":17,"column":11},"end":{"line":17,"column":57}},"type":"if","locations":[{"start":{"line":17,"column":11},"end":{"line":17,"column":57}},{"start":{},"end":{}}],"line":17},"8":{"loc":{"start":{"line":21,"column":6},"end":{"line":33,"column":7}},"type":"if","locations":[{"start":{"line":21,"column":6},"end":{"line":33,"column":7}},{"start":{"line":24,"column":13},"end":{"line":33,"column":7}}],"line":21},"9":{"loc":{"start":{"line":22,"column":8},"end":{"line":23,"column":53}},"type":"if","locations":[{"start":{"line":22,"column":8},"end":{"line":23,"column":53}},{"start":{"line":23,"column":13},"end":{"line":23,"column":53}}],"line":22},"10":{"loc":{"start":{"line":24,"column":13},"end":{"line":33,"column":7}},"type":"if","locations":[{"start":{"line":24,"column":13},"end":{"line":33,"column":7}},{"start":{"line":27,"column":13},"end":{"line":33,"column":7}}],"line":24},"11":{"loc":{"start":{"line":25,"column":8},"end":{"line":26,"column":53}},"type":"if","locations":[{"start":{"line":25,"column":8},"end":{"line":26,"column":53}},{"start":{"line":26,"column":13},"end":{"line":26,"column":53}}],"line":25},"12":{"loc":{"start":{"line":27,"column":13},"end":{"line":33,"column":7}},"type":"if","locations":[{"start":{"line":27,"column":13},"end":{"line":33,"column":7}},{"start":{"line":30,"column":13},"end":{"line":33,"column":7}}],"line":27},"13":{"loc":{"start":{"line":28,"column":8},"end":{"line":29,"column":53}},"type":"if","locations":[{"start":{"line":28,"column":8},"end":{"line":29,"column":53}},{"start":{"line":29,"column":13},"end":{"line":29,"column":53}}],"line":28},"14":{"loc":{"start":{"line":30,"column":13},"end":{"line":33,"column":7}},"type":"if","locations":[{"start":{"line":30,"column":13},"end":{"line":33,"column":7}},{"start":{},"end":{}}],"line":30},"15":{"loc":{"start":{"line":31,"column":8},"end":{"line":32,"column":53}},"type":"if","locations":[{"start":{"line":31,"column":8},"end":{"line":32,"column":53}},{"start":{"line":32,"column":13},"end":{"line":32,"column":53}}],"line":31},"16":{"loc":{"start":{"line":39,"column":8},"end":{"line":41,"column":52}},"type":"if","locations":[{"start":{"line":39,"column":8},"end":{"line":41,"column":52}},{"start":{"line":40,"column":13},"end":{"line":41,"column":52}}],"line":39},"17":{"loc":{"start":{"line":40,"column":13},"end":{"line":41,"column":52}},"type":"if","locations":[{"start":{"line":40,"column":13},"end":{"line":41,"column":52}},{"start":{"line":41,"column":13},"end":{"line":41,"column":52}}],"line":40},"18":{"loc":{"start":{"line":41,"column":13},"end":{"line":41,"column":52}},"type":"if","locations":[{"start":{"line":41,"column":13},"end":{"line":41,"column":52}},{"start":{},"end":{}}],"line":41}},"s":{"0":1,"1":1,"2":1,"3":1,"4":1,"5":0,"6":0,"7":0,"8":0,"9":0,"10":0,"11":2,"12":1,"13":1,"14":0,"15":1,"16":0,"17":1,"18":1,"19":3,"20":1,"21":1,"22":0,"23":2,"24":2,"25":2,"26":0,"27":0,"28":0,"29":0,"30":0,"31":0,"32":0,"33":0,"34":0,"35":1,"36":1,"37":6,"38":6,"39":1,"40":5,"41":2,"42":3,"43":3,"44":1,"45":1,"46":1,"47":1},"f":{"0":1,"1":1,"2":2,"3":3,"4":1,"5":1,"6":1},"b":{"0":[1,0],"1":[0,0],"2":[0,0],"3":[0,0],"4":[1,1],"5":[0,1],"6":[0,1],"7":[1,0],"8":[1,2],"9":[1,0],"10":[2,0],"11":[2,0],"12":[0,0],"13":[0,0],"14":[0,0],"15":[0,0],"16":[1,5],"17":[2,3],"18":[3,0]},"_coverageSchema":"1a1c01bbd47fc00a2c39e90264f33305004495a9","hash":"771f065c8c77a351cd62344b7cd6c10f873da792"}
}
