TN:
SF:robot.js
FN:1,createRobot
FN:6,turnRight
FN:13,turnLeft
FN:20,moveForward
FN:36,executeInstructions
FN:45,getPosition
FN:49,getDirection
FNF:7
FNH:7
FNDA:1,createRobot
FNDA:1,turnRight
FNDA:2,turnLeft
FNDA:3,moveForward
FNDA:1,executeInstructions
FNDA:1,getPosition
FNDA:1,getDirection
DA:2,1
DA:3,1
DA:4,1
DA:7,1
DA:8,0
DA:9,0
DA:10,0
DA:14,2
DA:15,1
DA:16,1
DA:17,1
DA:21,3
DA:22,1
DA:23,0
DA:24,2
DA:25,2
DA:26,0
DA:27,0
DA:28,0
DA:29,0
DA:30,0
DA:31,0
DA:32,0
DA:37,1
DA:38,6
DA:39,6
DA:40,5
DA:41,3
DA:46,1
DA:50,1
DA:53,1
DA:60,1
LF:32
LH:21
BRDA:7,0,0,1
BRDA:7,0,1,0
BRDA:8,1,0,0
BRDA:8,1,1,0
BRDA:9,2,0,0
BRDA:9,2,1,0
BRDA:10,3,0,0
BRDA:10,3,1,0
BRDA:14,4,0,1
BRDA:14,4,1,1
BRDA:15,5,0,0
BRDA:15,5,1,1
BRDA:16,6,0,0
BRDA:16,6,1,1
BRDA:17,7,0,1
BRDA:17,7,1,0
BRDA:21,8,0,1
BRDA:21,8,1,2
BRDA:22,9,0,1
BRDA:22,9,1,0
BRDA:24,10,0,2
BRDA:24,10,1,0
BRDA:25,11,0,2
BRDA:25,11,1,0
BRDA:27,12,0,0
BRDA:27,12,1,0
BRDA:28,13,0,0
BRDA:28,13,1,0
BRDA:30,14,0,0
BRDA:30,14,1,0
BRDA:31,15,0,0
BRDA:31,15,1,0
BRDA:39,16,0,1
BRDA:39,16,1,5
BRDA:40,17,0,2
BRDA:40,17,1,3
BRDA:41,18,0,3
BRDA:41,18,1,0
BRF:38
BRH:16
end_of_record
